<?xml version="1.0" encoding="UTF-8"?>
<!-- Generated by org.testng.reporters.JUnitXMLReporter -->
<testsuite hostname="LAPTOP-OP77TC5A" ignored="0" name="Test" tests="7" failures="1" timestamp="22 May 2020 13:37:00 GMT" time="351.396" errors="0">
  <testcase name="totalValidation" time="52.724" classname="e2eframework.scratch.EcommerceCodeOptimized4Test"/>
  <testcase name="totalValidation" time="48.924" classname="e2eframework.scratch.EcommerceCodeOptimized4Test"/>
  <testcase name="totalValidation" time="48.667" classname="e2eframework.scratch.EcommerceCodeOptimized4Test"/>
  <testcase name="totalValidation" time="54.145" classname="e2eframework.scratch.EcommerceCodeOptimized4Test"/>
  <testcase name="totalValidation" time="48.557" classname="e2eframework.scratch.EcommerceCodeOptimized4Test"/>
  <testcase name="apiDemoTest" time="45.738" classname="e2eframework.scratch.ApiDemoTest"/>
  <testcase name="apiDemoTest" time="47.898" classname="e2eframework.scratch.ApiDemoTest">
    <failure type="org.openqa.selenium.NoSuchElementException" message="Can&amp;apos;t locate an element by this strategy: By.chained({By.className: android.widget.EditText})">
      <![CDATA[org.openqa.selenium.NoSuchElementException: Can't locate an element by this strategy: By.chained({By.className: android.widget.EditText})
	at io.appium.java_client.pagefactory.AppiumElementLocator.findElement(AppiumElementLocator.java:126)
	at io.appium.java_client.pagefactory.interceptors.InterceptorOfASingleElement.intercept(InterceptorOfASingleElement.java:59)
	at io.appium.java_client.android.AndroidElement$$EnhancerByCGLIB$$b598166c.sendKeys(<generated>)
	at e2eframework.scratch.ApiDemoTest.apiDemoTest(ApiDemoTest.java:60)
Caused by: org.openqa.selenium.TimeoutException: Expected condition failed: waiting for io.appium.java_client.pagefactory.AppiumElementLocator$WaitingFunction@1a411233 (tried for 1 second(s) with 500 milliseconds interval)
	at org.openqa.selenium.support.ui.FluentWait.timeoutException(FluentWait.java:304)
	at org.openqa.selenium.support.ui.FluentWait.until(FluentWait.java:272)
	at io.appium.java_client.pagefactory.AppiumElementLocator.waitFor(AppiumElementLocator.java:99)
	at io.appium.java_client.pagefactory.AppiumElementLocator.findElement(AppiumElementLocator.java:119)
	... 28 more
Caused by: org.openqa.selenium.NoSuchElementException: Cannot locate an element using By.chained({By.className: android.widget.EditText})
For documentation on this error, please visit: https://www.seleniumhq.org/exceptions/no_such_element.html
Build info: version: '3.141.59', revision: 'e82be7d358', time: '2018-11-14T08:17:03'
System info: host: 'LAPTOP-OP77TC5A', ip: '192.168.43.70', os.name: 'Windows 10', os.arch: 'amd64', os.version: '10.0', java.version: '1.8.0_251'
Driver info: driver.version: AndroidDriver
	at io.appium.java_client.pagefactory.bys.builder.ByChained.findElement(ByChained.java:74)
	at org.openqa.selenium.remote.RemoteWebDriver.findElement(RemoteWebDriver.java:315)
	at io.appium.java_client.DefaultGenericMobileDriver.findElement(DefaultGenericMobileDriver.java:57)
	at io.appium.java_client.AppiumDriver.findElement(AppiumDriver.java:1)
	at io.appium.java_client.android.AndroidDriver.findElement(AndroidDriver.java:1)
	at io.appium.java_client.pagefactory.bys.ContentMappedBy.findElement(ContentMappedBy.java:50)
	at org.openqa.selenium.remote.RemoteWebDriver.findElement(RemoteWebDriver.java:315)
	at io.appium.java_client.DefaultGenericMobileDriver.findElement(DefaultGenericMobileDriver.java:57)
	at io.appium.java_client.AppiumDriver.findElement(AppiumDriver.java:1)
	at io.appium.java_client.android.AndroidDriver.findElement(AndroidDriver.java:1)
	at io.appium.java_client.pagefactory.AppiumElementLocator.lambda$0(AppiumElementLocator.java:120)
	at io.appium.java_client.pagefactory.AppiumElementLocator$WaitingFunction.apply(AppiumElementLocator.java:172)
	at io.appium.java_client.pagefactory.AppiumElementLocator$WaitingFunction.apply(AppiumElementLocator.java:1)
	at org.openqa.selenium.support.ui.FluentWait.until(FluentWait.java:249)
	... 30 more
... Removed 25 stack frames]]>
    </failure>
  </testcase> <!-- apiDemoTest -->
</testsuite> <!-- Test -->
