<?xml version="1.0" encoding="UTF-8"?>
<!-- Generated by org.testng.reporters.JUnitReportReporter -->
<testsuite name="e2eframework.scratch.ECommerce_TC_CodeOptimized_4" tests="1" time="1.325" ignored="0" failures="0" timestamp="19 May 2020 14:03:14 GMT" skipped="0" hostname="LAPTOP-OP77TC5A" errors="1">
  <testcase name="totalValidation" time="1.325" classname="e2eframework.scratch.ECommerce_TC_CodeOptimized_4">
    <error type="org.openqa.selenium.SessionNotCreatedException" message="Unable to create a new remote session. Please check the server log for more details. Original error: Unable to parse remote response: &lt;!DOCTYPE html&gt;
&lt;html lang=&quot;en&quot;&gt;
&lt;head&gt;
&lt;meta charset=&quot;utf-8&quot;&gt;
&lt;title&gt;Error&lt;/title&gt;
&lt;/head&gt;
&lt;body&gt;
&lt;pre&gt;Error: EPIPE: broken pipe, write&lt;br&gt; &amp;nbsp; &amp;nbsp;at Socket._write (internal/net.js:58:25)&lt;br&gt; &amp;nbsp; &amp;nbsp;at doWrite (_stream_writable.js:431:12)&lt;br&gt; &amp;nbsp; &amp;nbsp;at writeOrBuffer (_stream_writable.js:415:5)&lt;br&gt; &amp;nbsp; &amp;nbsp;at Socket.Writable.write (_stream_writable.js:305:11)&lt;br&gt; &amp;nbsp; &amp;nbsp;at Console.log (C:\Users\Admin\AppData\Roaming\npm\node_modules\appium\node_modules\winston\lib\winston\transports\console.js:79:23)&lt;br&gt; &amp;nbsp; &amp;nbsp;at Console._write (C:\Users\Admin\AppData\Roaming\npm\node_modules\appium\node_modules\winston-transport\index.js:102:17)&lt;br&gt; &amp;nbsp; &amp;nbsp;at doWrite (C:\Users\Admin\AppData\Roaming\npm\node_modules\appium\node_modules\readable-stream\lib\_stream_writable.js:428:64)&lt;br&gt; &amp;nbsp; &amp;nbsp;at writeOrBuffer (C:\Users\Admin\AppData\Roaming\npm\node_modules\appium\node_modules\readable-stream\lib\_stream_writable.js:417:5)&lt;br&gt; &amp;nbsp; &amp;nbsp;at Console.Writable.write (C:\Users\Admin\AppData\Roaming\npm\node_modules\appium\node_modules\readable-stream\lib\_stream_writable.js:334:11)&lt;br&gt; &amp;nbsp; &amp;nbsp;at DerivedLogger.ondata (C:\Users\Admin\AppData\Roaming\npm\node_modules\appium\node_modules\winston\node_modules\readable-stream\lib\_stream_readable.js:681:20)&lt;br&gt; &amp;nbsp; &amp;nbsp;at DerivedLogger.emit (events.js:210:5)&lt;br&gt; &amp;nbsp; &amp;nbsp;at addChunk (C:\Users\Admin\AppData\Roaming\npm\node_modules\appium\node_modules\winston\node_modules\readable-stream\lib\_stream_readable.js:298:12)&lt;br&gt; &amp;nbsp; &amp;nbsp;at readableAddChunk (C:\Users\Admin\AppData\Roaming\npm\node_modules\appium\node_modules\winston\node_modules\readable-stream\lib\_stream_readable.js:280:11)&lt;br&gt; &amp;nbsp; &amp;nbsp;at DerivedLogger.Readable.push (C:\Users\Admin\AppData\Roaming\npm\node_modules\appium\node_modules\winston\node_modules\readable-stream\lib\_stream_readable.js:241:10)&lt;br&gt; &amp;nbsp; &amp;nbsp;at DerivedLogger.Transform.push (C:\Users\Admin\AppData\Roaming\npm\node_modules\appium\node_modules\winston\node_modules\readable-stream\lib\_stream_transform.js:139:32)&lt;br&gt; &amp;nbsp; &amp;nbsp;at DerivedLogger._transform (C:\Users\Admin\AppData\Roaming\npm\node_modules\appium\node_modules\winston\lib\winston\logger.js:305:12)&lt;br&gt; &amp;nbsp; &amp;nbsp;at DerivedLogger.Transform._read (C:\Users\Admin\AppData\Roaming\npm\node_modules\appium\node_modules\winston\node_modules\readable-stream\lib\_stream_transform.js:177:10)&lt;br&gt; &amp;nbsp; &amp;nbsp;at DerivedLogger.Transform._write (C:\Users\Admin\AppData\Roaming\npm\node_modules\appium\node_modules\winston\node_modules\readable-stream\lib\_stream_transform.js:164:83)&lt;br&gt; &amp;nbsp; &amp;nbsp;at doWrite (C:\Users\Admin\AppData\Roaming\npm\node_modules\appium\node_modules\winston\node_modules\readable-stream\lib\_stream_writable.js:409:139)&lt;br&gt; &amp;nbsp; &amp;nbsp;at writeOrBuffer (C:\Users\Admin\AppData\Roaming\npm\node_modules\appium\node_modules\winston\node_modules\readable-stream\lib\_stream_writable.js:398:5)&lt;br&gt; &amp;nbsp; &amp;nbsp;at DerivedLogger.Writable.write (C:\Users\Admin\AppData\Roaming\npm\node_modules\appium\node_modules\winston\node_modules\readable-stream\lib\_stream_writable.js:307:11)&lt;br&gt; &amp;nbsp; &amp;nbsp;at DerivedLogger.&amp;lt;computed&amp;gt; [as info] (C:\Users\Admin\AppData\Roaming\npm\node_modules\appium\node_modules\winston\lib\winston\create-logger.js:81:14)&lt;/pre&gt;
&lt;/body&gt;
&lt;/html&gt;

Build info: version: &#039;3.141.59&#039;, revision: &#039;e82be7d358&#039;, time: &#039;2018-11-14T08:17:03&#039;
System info: host: &#039;LAPTOP-OP77TC5A&#039;, ip: &#039;100.69.118.200&#039;, os.name: &#039;Windows 10&#039;, os.arch: &#039;amd64&#039;, os.version: &#039;10.0&#039;, java.version: &#039;1.8.0_251&#039;
Driver info: driver.version: AndroidDriver">
      <![CDATA[org.openqa.selenium.SessionNotCreatedException: Unable to create a new remote session. Please check the server log for more details. Original error: Unable to parse remote response: <!DOCTYPE html>
<html lang="en">
<head>
<meta charset="utf-8">
<title>Error</title>
</head>
<body>
<pre>Error: EPIPE: broken pipe, write<br> &nbsp; &nbsp;at Socket._write (internal/net.js:58:25)<br> &nbsp; &nbsp;at doWrite (_stream_writable.js:431:12)<br> &nbsp; &nbsp;at writeOrBuffer (_stream_writable.js:415:5)<br> &nbsp; &nbsp;at Socket.Writable.write (_stream_writable.js:305:11)<br> &nbsp; &nbsp;at Console.log (C:\Users\Admin\AppData\Roaming\npm\node_modules\appium\node_modules\winston\lib\winston\transports\console.js:79:23)<br> &nbsp; &nbsp;at Console._write (C:\Users\Admin\AppData\Roaming\npm\node_modules\appium\node_modules\winston-transport\index.js:102:17)<br> &nbsp; &nbsp;at doWrite (C:\Users\Admin\AppData\Roaming\npm\node_modules\appium\node_modules\readable-stream\lib\_stream_writable.js:428:64)<br> &nbsp; &nbsp;at writeOrBuffer (C:\Users\Admin\AppData\Roaming\npm\node_modules\appium\node_modules\readable-stream\lib\_stream_writable.js:417:5)<br> &nbsp; &nbsp;at Console.Writable.write (C:\Users\Admin\AppData\Roaming\npm\node_modules\appium\node_modules\readable-stream\lib\_stream_writable.js:334:11)<br> &nbsp; &nbsp;at DerivedLogger.ondata (C:\Users\Admin\AppData\Roaming\npm\node_modules\appium\node_modules\winston\node_modules\readable-stream\lib\_stream_readable.js:681:20)<br> &nbsp; &nbsp;at DerivedLogger.emit (events.js:210:5)<br> &nbsp; &nbsp;at addChunk (C:\Users\Admin\AppData\Roaming\npm\node_modules\appium\node_modules\winston\node_modules\readable-stream\lib\_stream_readable.js:298:12)<br> &nbsp; &nbsp;at readableAddChunk (C:\Users\Admin\AppData\Roaming\npm\node_modules\appium\node_modules\winston\node_modules\readable-stream\lib\_stream_readable.js:280:11)<br> &nbsp; &nbsp;at DerivedLogger.Readable.push (C:\Users\Admin\AppData\Roaming\npm\node_modules\appium\node_modules\winston\node_modules\readable-stream\lib\_stream_readable.js:241:10)<br> &nbsp; &nbsp;at DerivedLogger.Transform.push (C:\Users\Admin\AppData\Roaming\npm\node_modules\appium\node_modules\winston\node_modules\readable-stream\lib\_stream_transform.js:139:32)<br> &nbsp; &nbsp;at DerivedLogger._transform (C:\Users\Admin\AppData\Roaming\npm\node_modules\appium\node_modules\winston\lib\winston\logger.js:305:12)<br> &nbsp; &nbsp;at DerivedLogger.Transform._read (C:\Users\Admin\AppData\Roaming\npm\node_modules\appium\node_modules\winston\node_modules\readable-stream\lib\_stream_transform.js:177:10)<br> &nbsp; &nbsp;at DerivedLogger.Transform._write (C:\Users\Admin\AppData\Roaming\npm\node_modules\appium\node_modules\winston\node_modules\readable-stream\lib\_stream_transform.js:164:83)<br> &nbsp; &nbsp;at doWrite (C:\Users\Admin\AppData\Roaming\npm\node_modules\appium\node_modules\winston\node_modules\readable-stream\lib\_stream_writable.js:409:139)<br> &nbsp; &nbsp;at writeOrBuffer (C:\Users\Admin\AppData\Roaming\npm\node_modules\appium\node_modules\winston\node_modules\readable-stream\lib\_stream_writable.js:398:5)<br> &nbsp; &nbsp;at DerivedLogger.Writable.write (C:\Users\Admin\AppData\Roaming\npm\node_modules\appium\node_modules\winston\node_modules\readable-stream\lib\_stream_writable.js:307:11)<br> &nbsp; &nbsp;at DerivedLogger.&lt;computed&gt; [as info] (C:\Users\Admin\AppData\Roaming\npm\node_modules\appium\node_modules\winston\lib\winston\create-logger.js:81:14)</pre>
</body>
</html>

Build info: version: '3.141.59', revision: 'e82be7d358', time: '2018-11-14T08:17:03'
System info: host: 'LAPTOP-OP77TC5A', ip: '100.69.118.200', os.name: 'Windows 10', os.arch: 'amd64', os.version: '10.0', java.version: '1.8.0_251'
Driver info: driver.version: AndroidDriver
	at io.appium.java_client.remote.AppiumCommandExecutor$1.createSession(AppiumCommandExecutor.java:208)
	at io.appium.java_client.remote.AppiumCommandExecutor.createSession(AppiumCommandExecutor.java:217)
	at io.appium.java_client.remote.AppiumCommandExecutor.execute(AppiumCommandExecutor.java:239)
	at org.openqa.selenium.remote.RemoteWebDriver.execute(RemoteWebDriver.java:552)
	at io.appium.java_client.DefaultGenericMobileDriver.execute(DefaultGenericMobileDriver.java:41)
	at io.appium.java_client.AppiumDriver.execute(AppiumDriver.java:1)
	at io.appium.java_client.android.AndroidDriver.execute(AndroidDriver.java:1)
	at org.openqa.selenium.remote.RemoteWebDriver.startSession(RemoteWebDriver.java:213)
	at io.appium.java_client.AppiumDriver.startSession(AppiumDriver.java:336)
	at org.openqa.selenium.remote.RemoteWebDriver.<init>(RemoteWebDriver.java:131)
	at io.appium.java_client.DefaultGenericMobileDriver.<init>(DefaultGenericMobileDriver.java:37)
	at io.appium.java_client.AppiumDriver.<init>(AppiumDriver.java:88)
	at io.appium.java_client.AppiumDriver.<init>(AppiumDriver.java:98)
	at io.appium.java_client.android.AndroidDriver.<init>(AndroidDriver.java:94)
	at e2eframework.scratch.BaseTwo.capabilities(BaseTwo.java:94)
	at e2eframework.scratch.ECommerce_TC_CodeOptimized_4.totalValidation(ECommerce_TC_CodeOptimized_4.java:25)
	at sun.reflect.NativeMethodAccessorImpl.invoke0(Native Method)
	at sun.reflect.NativeMethodAccessorImpl.invoke(NativeMethodAccessorImpl.java:62)
	at sun.reflect.DelegatingMethodAccessorImpl.invoke(DelegatingMethodAccessorImpl.java:43)
	at java.lang.reflect.Method.invoke(Method.java:498)
	at org.testng.internal.MethodInvocationHelper.invokeMethod(MethodInvocationHelper.java:104)
	at org.testng.internal.Invoker.invokeMethod(Invoker.java:645)
	at org.testng.internal.Invoker.invokeTestMethod(Invoker.java:851)
	at org.testng.internal.Invoker.invokeTestMethods(Invoker.java:1177)
	at org.testng.internal.TestMethodWorker.invokeTestMethods(TestMethodWorker.java:129)
	at org.testng.internal.TestMethodWorker.run(TestMethodWorker.java:112)
	at org.testng.TestRunner.privateRun(TestRunner.java:756)
	at org.testng.TestRunner.run(TestRunner.java:610)
	at org.testng.SuiteRunner.runTest(SuiteRunner.java:387)
	at org.testng.SuiteRunner.runSequentially(SuiteRunner.java:382)
	at org.testng.SuiteRunner.privateRun(SuiteRunner.java:340)
	at org.testng.SuiteRunner.run(SuiteRunner.java:289)
	at org.testng.SuiteRunnerWorker.runSuite(SuiteRunnerWorker.java:52)
	at org.testng.SuiteRunnerWorker.run(SuiteRunnerWorker.java:86)
	at org.testng.TestNG.runSuitesSequentially(TestNG.java:1293)
	at org.testng.TestNG.runSuitesLocally(TestNG.java:1218)
	at org.testng.TestNG.runSuites(TestNG.java:1133)
	at org.testng.TestNG.run(TestNG.java:1104)
	at org.testng.remote.AbstractRemoteTestNG.run(AbstractRemoteTestNG.java:126)
	at org.testng.remote.RemoteTestNG.initAndRun(RemoteTestNG.java:137)
	at org.testng.remote.RemoteTestNG.main(RemoteTestNG.java:58)
Caused by: java.lang.reflect.InvocationTargetException
	at sun.reflect.NativeMethodAccessorImpl.invoke0(Native Method)
	at sun.reflect.NativeMethodAccessorImpl.invoke(NativeMethodAccessorImpl.java:62)
	at sun.reflect.DelegatingMethodAccessorImpl.invoke(DelegatingMethodAccessorImpl.java:43)
	at java.lang.reflect.Method.invoke(Method.java:498)
	at io.appium.java_client.remote.AppiumCommandExecutor$1.createSession(AppiumCommandExecutor.java:186)
	... 40 more
Caused by: org.openqa.selenium.WebDriverException: Unable to parse remote response: <!DOCTYPE html>
<html lang="en">
<head>
<meta charset="utf-8">
<title>Error</title>
</head>
<body>
<pre>Error: EPIPE: broken pipe, write<br> &nbsp; &nbsp;at Socket._write (internal/net.js:58:25)<br> &nbsp; &nbsp;at doWrite (_stream_writable.js:431:12)<br> &nbsp; &nbsp;at writeOrBuffer (_stream_writable.js:415:5)<br> &nbsp; &nbsp;at Socket.Writable.write (_stream_writable.js:305:11)<br> &nbsp; &nbsp;at Console.log (C:\Users\Admin\AppData\Roaming\npm\node_modules\appium\node_modules\winston\lib\winston\transports\console.js:79:23)<br> &nbsp; &nbsp;at Console._write (C:\Users\Admin\AppData\Roaming\npm\node_modules\appium\node_modules\winston-transport\index.js:102:17)<br> &nbsp; &nbsp;at doWrite (C:\Users\Admin\AppData\Roaming\npm\node_modules\appium\node_modules\readable-stream\lib\_stream_writable.js:428:64)<br> &nbsp; &nbsp;at writeOrBuffer (C:\Users\Admin\AppData\Roaming\npm\node_modules\appium\node_modules\readable-stream\lib\_stream_writable.js:417:5)<br> &nbsp; &nbsp;at Console.Writable.write (C:\Users\Admin\AppData\Roaming\npm\node_modules\appium\node_modules\readable-stream\lib\_stream_writable.js:334:11)<br> &nbsp; &nbsp;at DerivedLogger.ondata (C:\Users\Admin\AppData\Roaming\npm\node_modules\appium\node_modules\winston\node_modules\readable-stream\lib\_stream_readable.js:681:20)<br> &nbsp; &nbsp;at DerivedLogger.emit (events.js:210:5)<br> &nbsp; &nbsp;at addChunk (C:\Users\Admin\AppData\Roaming\npm\node_modules\appium\node_modules\winston\node_modules\readable-stream\lib\_stream_readable.js:298:12)<br> &nbsp; &nbsp;at readableAddChunk (C:\Users\Admin\AppData\Roaming\npm\node_modules\appium\node_modules\winston\node_modules\readable-stream\lib\_stream_readable.js:280:11)<br> &nbsp; &nbsp;at DerivedLogger.Readable.push (C:\Users\Admin\AppData\Roaming\npm\node_modules\appium\node_modules\winston\node_modules\readable-stream\lib\_stream_readable.js:241:10)<br> &nbsp; &nbsp;at DerivedLogger.Transform.push (C:\Users\Admin\AppData\Roaming\npm\node_modules\appium\node_modules\winston\node_modules\readable-stream\lib\_stream_transform.js:139:32)<br> &nbsp; &nbsp;at DerivedLogger._transform (C:\Users\Admin\AppData\Roaming\npm\node_modules\appium\node_modules\winston\lib\winston\logger.js:305:12)<br> &nbsp; &nbsp;at DerivedLogger.Transform._read (C:\Users\Admin\AppData\Roaming\npm\node_modules\appium\node_modules\winston\node_modules\readable-stream\lib\_stream_transform.js:177:10)<br> &nbsp; &nbsp;at DerivedLogger.Transform._write (C:\Users\Admin\AppData\Roaming\npm\node_modules\appium\node_modules\winston\node_modules\readable-stream\lib\_stream_transform.js:164:83)<br> &nbsp; &nbsp;at doWrite (C:\Users\Admin\AppData\Roaming\npm\node_modules\appium\node_modules\winston\node_modules\readable-stream\lib\_stream_writable.js:409:139)<br> &nbsp; &nbsp;at writeOrBuffer (C:\Users\Admin\AppData\Roaming\npm\node_modules\appium\node_modules\winston\node_modules\readable-stream\lib\_stream_writable.js:398:5)<br> &nbsp; &nbsp;at DerivedLogger.Writable.write (C:\Users\Admin\AppData\Roaming\npm\node_modules\appium\node_modules\winston\node_modules\readable-stream\lib\_stream_writable.js:307:11)<br> &nbsp; &nbsp;at DerivedLogger.&lt;computed&gt; [as info] (C:\Users\Admin\AppData\Roaming\npm\node_modules\appium\node_modules\winston\lib\winston\create-logger.js:81:14)</pre>
</body>
</html>

	at org.openqa.selenium.remote.ProtocolHandshake.createSession(ProtocolHandshake.java:115)
	... 45 more
Caused by: org.openqa.selenium.json.JsonException: Unable to determine type from: <. Last 1 characters read: <
Build info: version: '3.141.59', revision: 'e82be7d358', time: '2018-11-14T08:17:03'
System info: host: 'LAPTOP-OP77TC5A', ip: '100.69.118.200', os.name: 'Windows 10', os.arch: 'amd64', os.version: '10.0', java.version: '1.8.0_251'
Driver info: driver.version: AndroidDriver
	at org.openqa.selenium.json.JsonInput.peek(JsonInput.java:122)
	at org.openqa.selenium.json.JsonTypeCoercer.lambda$null$6(JsonTypeCoercer.java:140)
	at org.openqa.selenium.json.JsonTypeCoercer.coerce(JsonTypeCoercer.java:126)
	at org.openqa.selenium.json.Json.toType(Json.java:69)
	at org.openqa.selenium.json.Json.toType(Json.java:55)
	at org.openqa.selenium.json.Json.toType(Json.java:50)
	at org.openqa.selenium.remote.ProtocolHandshake.createSession(ProtocolHandshake.java:112)
	... 45 more
]]>
    </error>
  </testcase> <!-- totalValidation -->
</testsuite> <!-- e2eframework.scratch.ECommerce_TC_CodeOptimized_4 -->
